<html>
<body>
<pre>
<h1>Vision Build Log</h1>
<h2>Tool Versions:</h2>
IDE-Version: μVision V5.21.1.0
Copyright (C) 2016 ARM Ltd and ARM Germany GmbH. All rights reserved.
License Information: 1 1, 1, LIC=ATTQ1-CTNC6-2ZMW4-F9URX-GK9D5-QVBTP
 
Tool Versions:
Toolchain:       MDK-ARM Plus  Version: 5.21a
Toolchain Path:  D:\WORK\SOFTWARES\MDK5\ARM\ARMCC\Bin
C Compiler:      Armcc.exe V5.06 update 3 (build 300)
Assembler:       Armasm.exe V5.06 update 3 (build 300)
Linker/Locator:  ArmLink.exe V5.06 update 3 (build 300)
Library Manager: ArmAr.exe V5.06 update 3 (build 300)
Hex Converter:   FromElf.exe V5.06 update 3 (build 300)
CPU DLL:         SARMCM3.DLL V5.21a
Dialog DLL:      DCM.DLL V1.13.8.0
Target DLL:      UL2CM3.DLL V1.158.5.0
Dialog DLL:      TCM.DLL V1.14.14.0
 
<h2>Project:</h2>
D:\WORK\RM\主力考核\Infantry\Chassis\User\Infantry_S.uvprojx
Project File Date:  09/24/2023

<h2>Output:</h2>
*** Using Compiler 'V5.06 update 3 (build 300)', folder: 'D:\WORK\SOFTWARES\MDK5\ARM\ARMCC\Bin'
Build target 'Target 1'
compiling can2.c...
..\Hardware\can2.c(96): error:  #20: identifier "CanMsgList_t" is undefined
  CanMsgList_t can2_rx0 = {0};
..\Hardware\can2.c(104): warning:  #223-D: function "addCanMsg" declared implicitly
  		addCanMsg(&can2_rx0, rx_message0);
..\Hardware\can2.c: 1 warning, 1 error
compiling usart2.c...
compiling i2c.c...
compiling uart4.c...
compiling ina260.c...
compiling adc.c...
compiling dac.c...
compiling main.c...
main.c(35): warning:  #223-D: function "CAN1_Configuration" declared implicitly
  	CAN1_Configuration();
main.c(36): warning:  #223-D: function "CAN2_Configuration" declared implicitly
  	CAN2_Configuration();
main.c: 2 warnings, 0 errors
compiling tim2.c...
compiling counter.c...
compiling can1.c...
compiling RLS.c...
..\Algorithm\RLS.c(12): error:  #167: argument of type "double (*)[1]" is incompatible with parameter of type "double (*)[3]"
      rls->theta = matrix_init(dim, 1, theta);
..\Algorithm\RLS.c: 0 warnings, 1 error
compiling cap.c...
compiling motor.c...
..\Software\motor.c(30): error:  #20: identifier "PI" is undefined
              m->rpm_rad = 
M3508_RPM_RAD;
..\Software\motor.c: 0 warnings, 1 error
compiling Kinematic.c...
..\Software\Kinematic.c(225): error:  #167: argument of type "short *" is incompatible with parameter of type "float32_t *"
      arm_sqrt_f32(x * x + y * y,&(temp.x));
..\Software\Kinematic.c: 0 warnings, 1 error
compiling JudgeMsg.c...
..\Software\JudgeMsg.h(60): error:  #169: expected a declaration
  }JudgeSend_t;
..\Software\JudgeMsg.c(25): warning:  #177-D: variable "p" was declared but never referenced
      uint8_t *p = judge->usart_if->rx_buf;
..\Software\JudgeMsg.c: 1 warning, 1 error
compiling tim.c...
compiling algorithmOfCRC.c...
compiling pid.c...
compiling usart1.c...
compiling Usart.c...
compiling Chassis.c...
..\Software\Chassis.c(114): warning:  #1-D: last line of file ends without a newline
  }
..\Software\Chassis.c: 1 warning, 0 errors
compiling Can.c...
compiling DataReceiveTask.c...
compiling Start_Task.c...
compiling ChassisTask.c...
..\Task\ChassisTask.c(14): warning:  #223-D: function "Chassis_Init" declared implicitly
  	Chassis_Init();
..\Task\ChassisTask.c(20): error:  #20: identifier "JudgeReveice_Flag" is undefined
  		if(JudgeReveice_Flag)
..\Task\ChassisTask.c(22): error:  #20: identifier "User_Tasks" is undefined
  		 
TaskNotifyGive(User_Tasks[JUDGERECEIVE_TASK]);
..\Task\ChassisTask.c(25): warning:  #223-D: function "Chassis_Loop_Cal" declared implicitly
  		Chassis_Loop_Cal();
..\Task\ChassisTask.c(27): warning:  #223-D: function "Can2Send0" declared implicitly
  		Can2Send0(&F105);
..\Task\ChassisTask.c(27): error:  #20: identifier "F105" is undefined
  		Can2Send0(&F105);
..\Task\ChassisTask.c(34): error:  #20: identifier "Chassis_high_water" is undefined
  		Chassis_high_water = uxTaskGetStackHighWaterMark(NULL);
..\Task\ChassisTask.c: 3 warnings, 4 errors
".\Objects\Infantry_S.axf" - 9 Error(s), 8 Warning(s).

<h2>Collection of Component include folders:</h2>
  D:\WORK\RM\主力考核\Infantry\Chassis\User\RTE
  D:\WORK\SOFTWARES\MDK5\ARM\PACK\Keil\STM32F4xx_DFP\2.17.1\Drivers\CMSIS\Device\ST\STM32F4xx\Include

<h2>Collection of Component Files used:</h2>
Target not created.
Build Time Elapsed:  00:00:05
</pre>
</body>
</html>
